<?xml version="1.0" encoding="UTF-8"?>
<!-- Generated by org.testng.reporters.JUnitXMLReporter -->
<testsuite ignored="2" hostname="DESKTOP-DQV08SK" failures="0" tests="1" name="Test" time="68.583" errors="0" timestamp="2024-06-17T07:58:22 IST">
  <testcase classname="amazontest.AmazonTestCase" name="tc03" time="19.975"/>
  <testcase classname="amazontest.AmazonTestCase" name="tc04" time="0.0">
    <ignored/>
  </testcase> <!-- tc04 -->
  <testcase classname="amazontest.AmazonTestCase" name="tc05" time="0.0">
    <ignored/>
  </testcase> <!-- tc05 -->
</testsuite> <!-- Test -->
